Traceback (most recent call last):
  File "/opt/conda/lib/python3.11/site-packages/jupyter_cache/executors/utils.py", line 58, in single_nb_execution
    executenb(
  File "/opt/conda/lib/python3.11/site-packages/nbclient/client.py", line 1314, in execute
    return NotebookClient(nb=nb, resources=resources, km=km, **kwargs).execute()
           ^^^^^^^^^^^^^^^^^^^^^^^^^^^^^^^^^^^^^^^^^^^^^^^^^^^^^^^^^^^^^^^^^^^^^
  File "/opt/conda/lib/python3.11/site-packages/jupyter_core/utils/__init__.py", line 165, in wrapped
    return loop.run_until_complete(inner)
           ^^^^^^^^^^^^^^^^^^^^^^^^^^^^^^
  File "/opt/conda/lib/python3.11/asyncio/base_events.py", line 654, in run_until_complete
    return future.result()
           ^^^^^^^^^^^^^^^
  File "/opt/conda/lib/python3.11/site-packages/nbclient/client.py", line 709, in async_execute
    await self.async_execute_cell(
  File "/opt/conda/lib/python3.11/site-packages/nbclient/client.py", line 1062, in async_execute_cell
    await self._check_raise_for_error(cell, cell_index, exec_reply)
  File "/opt/conda/lib/python3.11/site-packages/nbclient/client.py", line 918, in _check_raise_for_error
    raise CellExecutionError.from_cell_and_msg(cell, exec_reply_content)
nbclient.exceptions.CellExecutionError: An error occurred while executing the following cell:
------------------
from sklearn.model_selection import train_test_split

from keras.models import Sequential
from keras.layers import (Dense,
                          LSTM,
                          TimeDistributed,
                          RepeatVector,Dropout)

# number of variables in the time series
# 1 because the series is univariate
N_FEATURES = 1

# creating a simple stacked LSTM
model = Sequential()
model.add(LSTM(8, activation='relu', input_shape=(N_LAGS, N_FEATURES)))
model.add(RepeatVector(HORIZON))
model.add(LSTM(4, activation='relu', return_sequences=True))
model.add(TimeDistributed(Dense(N_FEATURES)))

model.compile(optimizer='adam', loss='mse')

# compiling the model
model.compile(optimizer='adam', loss='mse')

# basic train/validation split 
X_train, X_valid, Y_train, Y_valid = train_test_split(X_3d, Y_3d, test_size=.2, shuffle=False)

# training the model
model.fit(X_train, Y_train, epochs=100, validation_data=(X_valid, Y_valid))

# making predictions
preds = model.predict_on_batch(X_valid)
------------------


[0;31m---------------------------------------------------------------------------[0m
[0;31mModuleNotFoundError[0m                       Traceback (most recent call last)
Cell [0;32mIn[10], line 3[0m
[1;32m      1[0m [38;5;28;01mfrom[39;00m [38;5;21;01msklearn[39;00m[38;5;21;01m.[39;00m[38;5;21;01mmodel_selection[39;00m [38;5;28;01mimport[39;00m train_test_split
[0;32m----> 3[0m [38;5;28;01mfrom[39;00m [38;5;21;01mkeras[39;00m[38;5;21;01m.[39;00m[38;5;21;01mmodels[39;00m [38;5;28;01mimport[39;00m Sequential
[1;32m      4[0m [38;5;28;01mfrom[39;00m [38;5;21;01mkeras[39;00m[38;5;21;01m.[39;00m[38;5;21;01mlayers[39;00m [38;5;28;01mimport[39;00m (Dense,
[1;32m      5[0m                           LSTM,
[1;32m      6[0m                           TimeDistributed,
[1;32m      7[0m                           RepeatVector,Dropout)
[1;32m      9[0m [38;5;66;03m# number of variables in the time series[39;00m
[1;32m     10[0m [38;5;66;03m# 1 because the series is univariate[39;00m

[0;31mModuleNotFoundError[0m: No module named 'keras'

